<?xml version="1.0" encoding="UTF-8"?>
<testsuite name="org.example.AppTest" tests="6" skipped="0" failures="0" errors="0" timestamp="2023-03-06T06:36:03" hostname="DESKTOP-HFLO4D3" time="0.068">
  <properties/>
  <testcase name="스캐너에 키보드가 아닌 문자열을 입력으로 설정" classname="org.example.AppTest" time="0.052"/>
  <testcase name="프로그램 시작시 타이틀 출력 그리고 종료" classname="org.example.AppTest" time="0.001"/>
  <testcase name="프로그램 시작시 타이틀 출력 그리고 종료" classname="org.example.AppTest" time="0.004"/>
  <testcase name="잘못된 명영어 입력에 대한 처리" classname="org.example.AppTest" time="0.003"/>
  <testcase name="등록화면에서 명언과 작가를 입력받고, 명언을 생성한다." classname="org.example.AppTest" time="0.004"/>
  <testcase name="명언이 등록될 때 마다 생성되는 명언의 번호가 1씩 증가한다." classname="org.example.AppTest" time="0.001"/>
  <system-out><![CDATA[]]></system-out>
  <system-err><![CDATA[]]></system-err>
</testsuite>
