<?xml version="1.0" encoding="UTF-8"?>
<testsuite name="org.example.AppTest" tests="1" skipped="0" failures="0" errors="0" timestamp="2023-03-06T04:30:57" hostname="DESKTOP-HFLO4D3" time="0.041">
  <properties/>
  <testcase name="스캐너에 키보드가 아닌 문자열을 입력으로 설정" classname="org.example.AppTest" time="0.041"/>
  <system-out><![CDATA[]]></system-out>
  <system-err><![CDATA[]]></system-err>
</testsuite>
